<?xml version="1.0" encoding="UTF-8"?>
<testng-results ignored="0" total="2" passed="2" failed="0" skipped="0">
  <reporter-output>
  </reporter-output>
  <suite started-at="2022-06-09T20:03:34 IST" name="Default suite" finished-at="2022-06-09T20:03:41 IST" duration-ms="6814">
    <groups>
    </groups>
    <test started-at="2022-06-09T20:03:34 IST" name="Default test" finished-at="2022-06-09T20:03:41 IST" duration-ms="6814">
      <class name="loginTestcases.DataDrivenUsingPOI">
        <test-method is-config="true" signature="credentials()[pri:0, instance:loginTestcases.DataDrivenUsingPOI@49912c99]" started-at="2022-06-09T20:03:34 IST" name="credentials" finished-at="2022-06-09T20:03:40 IST" duration-ms="5853" status="PASS">
          <reporter-output>
          </reporter-output>
        </test-method> <!-- credentials -->
        <test-method signature="execute()[pri:0, instance:loginTestcases.DataDrivenUsingPOI@49912c99]" started-at="2022-06-09T20:03:40 IST" name="execute" finished-at="2022-06-09T20:03:40 IST" duration-ms="5" status="PASS">
          <reporter-output>
          </reporter-output>
        </test-method> <!-- execute -->
        <test-method signature="readExcel()[pri:0, instance:loginTestcases.DataDrivenUsingPOI@49912c99]" started-at="2022-06-09T20:03:40 IST" name="readExcel" finished-at="2022-06-09T20:03:41 IST" duration-ms="906" status="PASS">
          <reporter-output>
          </reporter-output>
        </test-method> <!-- readExcel -->
      </class> <!-- loginTestcases.DataDrivenUsingPOI -->
    </test> <!-- Default test -->
  </suite> <!-- Default suite -->
</testng-results>
